Using refresh token, client_id, and client_secret from saved file
Time Difference: 354.388432
Token request successful!!
New refresh token: stampNL001.Z6b4!IAAAAPHkxcgn0l-OSejKNck3ZoTOeEQRnUgB9-bPifDnsClaAQIAAAExNkCeCqYwKhYnfQlLNELbzLpyfvzlEZFLMWmBAwpvOb-MGT8CYRmNh2GJDXvhjQO3rxbVbM98pblrJIe101p6lxbSUz3ST2g4-CVoxn_JTOV7J_GTaUhnq--GuDSFFfBPnsImSMw8xJ39cm-iv47QoPwNXfhMvj1FBNQgyt6x53cECsEoDTV45xmmmByJuWTiHWg8FokzxypZhvFUPSsFBMrkdczIyjdXEwQw9PUCOcRpSWoXfXaMA3Gcy6ksV8PfKutI6x3a7xTXQ3SlSdnymPo5a9dA8gWhgfR4XhWe8bdEQgMGUK4V-qIVz1glXIEVNjyFWBqD5PhvxlTxwtYAwwW--zja65zPomgkg_StHsyvBDd7vkOiAF2dDWpM8SFCA9hoTyws5su7r575ThYEvC15fergnRR6E76Tpzgvf_CBSiOnX6T4wdKrQ79kUl39SSwq5UGUdRNT7uOz6YFSrVqpVc32NMT1dEzaCehtP2xNHTHtkMN_wK_8y-6eKaIDSoBrSJL5hwjtc86ay5SvL2Egb1oZ6tdkMuF3cZDnaEk6_YKg8y2vNjgosCuplY2OO14IKtmt4lHLX8LQhFnCAn3qAamFSxteuQzwUHYS7Ae6rfm2-IK2JyVwIf0psjv1TFR67Wz9lkR2zWunvNMUimMGTcNEC_nT_6SIaaTHwg
Current local time (ISO): 2025-08-27T18:02:14.562784+05:45
Current local time (ISO): 2025-08-27T18:02:14.562784+05:45
Time + 600 seconds (ISO): 2025-08-27T18:12:14.562784+05:45
Error: No redirect_uri found in exact_token_response.json
Error: No redirect_uri found in exact_token_response.json
Using refresh token, client_id, and client_secret from saved file
Time Difference: 68343.918641
Token request successful!!
New refresh token: stampNL001.Z6b4!IAAAAGktAwY9g7InEhdBMzn-uskFcxraChilukHe-9Qhtr7UAQIAAAFmf94ykB88tSxru39Dl1KooVyAwRKL6Q-kHv4UwFm7ZYvdOg7k5uhqgdWh5MfjZW5PU_u3y0TpTv6lbtvNWOZxtPTe3ci5F--NfXX_NjqtUavgNRRTMzOQgmofJcQ5kGUCOH2ZMUK7De4PLUZ8BGGt1TyapGzefssSfpoxiZlIVUxioofmwr9gBVkO2wp9ruZA5TUtKY7yokKa8bgod8VF39wh4lujkoza7Ny6Kh-6cEIKdMC26a_M5vTx134gkzopdQQP2u9fgdvnLdREu-e86It6DojPjdcvElRFT6EPg6MJjKhqqi15v1dqkLcQa7AbxFomjI5tAXvszwrQ9OwpPGSs4LX4zMFSKo2dK4UsPpwL2x3USJifGjAxBWsiKGK0M3_1gfBfo4POodsHu1FxG1C64ZEaIPyxFftrh-5XTdtLOLTK3iEp6QiFVQSTPiZS3NDtHTJJhmyVRJvMYVudzw4irESA_CqpAJvwtSuytGCAEuXIM-J193H6NHSx6EoieF0fGr-vGlzP7MdcuoxrmXF_TiEKzZZZDmPzjpbEQ6Ej35-5mX6pPTdcH-55jDAAkIKi6QwerKiOY1mZimC3BIFrmMBT5Dmsn9xJY73j_Q60paG6xC6amhA1Q46xXR3y6IN1Bv2EiVN8uHcIWO6pNNSoFeoo4xdLQrscc2Rfqg
Current local time (ISO): 2025-08-28T13:11:19.409952+05:45
Current local time (ISO): 2025-08-28T13:11:19.409952+05:45
Time + 600 seconds (ISO): 2025-08-28T13:21:19.409952+05:45
Using refresh token, client_id, and client_secret from saved file
Time Difference: 11542.751137
Token request successful!!
New refresh token: stampNL001.Z6b4!IAAAAD95YnK1J-yQwSiGgAAmDSrA5e7JQ_SnnXSZ8rJCrbm8AQIAAAGncH-u0sEAzLvUtHiqdI753kfmTbjcG6Jp5uqxcDUyclBS59RgPP-F0VoTj8yW917FRsQJ2yWiNZBH4O5_O3yqijclczrGuWhdyyzRMRTvgxsWPmnB_2TB7xmywNnCvgkqtqJ-MtmJAMRxMcFVOhQPL3BhfPaVYuiZ76WB1UvRNKu6efUbzIvZsK_iAuQVTEcM_lWbEzlog9CMXYwVhkRaakOLNzoVFOaN_-olPKI8m0Otq3JSAWvcTJpe8AxSLOTrSKKvu2SjRjZ_L7N9F68AOh67ScWDPPtfrDVWHZAzkjHixWA8nnV61XXqQck3YIYHBOSgaVKynhklzW4pKk8MWTBlEBHW73pQKAylz-8uKsHclYoGwcj2Vepb8daw1N01IjYPUByM6Ta6agS_0uZTCIA4RIpo6GXWzl1YBHI7XvzdltgJflQnteYHJhZQfAxIoovblilcT3x112POTIB0ASXBbhNdq-Irv4slYQK7Cv6quCnp_L4VS5cdtIeMSaqnEvKMCsiwEwxcIEP25C4DqQhGuM-5ynCRYbAu3pusAgb437VI9G9tqdQUUY7QV127d7vOp_bxTAVNQfrGhW6IzQSrOzoPgP5igIF4QPfm1UQKh9bjoN6xKZ5HREkuY_4DR-cN7ls4QFYeKj-F8V42Oce7LAodThsyTfV6TSN4Zg
Current local time (ISO): 2025-08-28T16:33:43.045812+05:45
Current local time (ISO): 2025-08-28T16:33:43.045812+05:45
Time + 600 seconds (ISO): 2025-08-28T16:43:43.045812+05:45
